#
# A fatal error has been detected by the Java Runtime Environment:
#
#  EXCEPTION_ACCESS_VIOLATION (0xc0000005) at pc=0x000000005ab7bdcb, pid=137708, tid=0x00000000000172e8
#
# JRE version: Java(TM) SE Runtime Environment (8.0_321-b07) (build 1.8.0_321-b07)
# Java VM: Java HotSpot(TM) 64-Bit Server VM (25.321-b07 mixed mode windows-amd64 compressed oops)
# Problematic frame:
# V  [jvm.dll+0x20bdcb]
#
# Failed to write core dump. Minidumps are not enabled by default on client versions of Windows
#
# If you would like to submit a bug report, please visit:
#   http://bugreport.java.com/bugreport/crash.jsp
#

---------------  T H R E A D  ---------------

Current thread (0x0000023194ed7800):  JavaThread "Thread-27980" daemon [_thread_in_vm, id=94952, stack(0x000000d4cd000000,0x000000d4cd100000)]

siginfo: ExceptionCode=0xc0000005, writing address 0x000000d4cd0fb770

Registers:
RAX=0x0000000000000005, RBX=0x0000000000000005, RCX=0x000000d4cd0fb770, RDX=0x0000000000004000
RSP=0x000000d4cd0ff770, RBP=0x000000d4cd0ff870, RSI=0x0000000000000005, RDI=0x00000231f310e380
R8 =0x0000000000000005, R9 =0x0000000000000006, R10=0x000002319405fd10, R11=0x00000231f310e380
R12=0x00000231948ce860, R13=0x000000d4cd0ffb40, R14=0x000000d4cd0ffa70, R15=0x000000d4cd0ff770
RIP=0x000000005ab7bdcb, EFLAGS=0x0000000000010206

Top of Stack: (sp=0x000000d4cd0ff770)
0x000000d4cd0ff770:   0000023194ed7800 0000000000000001
0x000000d4cd0ff780:   00000231f310e380 000000005aa379ca
0x000000d4cd0ff790:   00000231f310e380 0000023194ed7800
0x000000d4cd0ff7a0:   000000000000000f 0000000000000000
0x000000d4cd0ff7b0:   0000000ac0006c00 00000231f310e380
0x000000d4cd0ff7c0:   0000023194ed7800 00000231da926ea0
0x000000d4cd0ff7d0:   0000000000000001 0000000000000002
0x000000d4cd0ff7e0:   00000231f310e380 0000000000000001
0x000000d4cd0ff7f0:   0000000000000005 0000023194ed7800
0x000000d4cd0ff800:   00000231f310e380 0000023194ed7800
0x000000d4cd0ff810:   00000231f310e380 0000023194ed7800
0x000000d4cd0ff820:   0000023194ed7800 0000023194ed7800
0x000000d4cd0ff830:   0000000000000005 00000231f310e380
0x000000d4cd0ff840:   00000007c0006c48 000000005aa3cc57
0x000000d4cd0ff850:   00000231948ce860 000000d4cd0ff8b1
0x000000d4cd0ff860:   00000231f310e380 00000000000000a0 

Instructions: (pc=0x000000005ab7bdcb)
0x000000005ab7bdab:   f8 7c 33 48 8b de e8 aa 9f 08 00 48 63 d0 ff c6
0x000000005ab7bdbb:   48 0f af d3 49 8b cf 48 63 c6 48 2b ca 48 ff c3
0x000000005ab7bdcb:   c7 01 00 00 00 00 48 3b 05 e8 07 56 00 7e d7 48
0x000000005ab7bddb:   8b 9d e8 00 00 00 48 8d 54 24 48 48 8d 4d 50 e8 


Register to memory mapping:

RAX=